<?xml version="1.0" encoding="UTF-8"?>
<testsuite xmlns:xsi="http://www.w3.org/2001/XMLSchema-instance" xsi:noNamespaceSchemaLocation="https://maven.apache.org/surefire/maven-surefire-plugin/xsd/surefire-test-report.xsd" name="es.ull.ColorSchemeTest" time="0.311" tests="2" errors="0" skipped="0" failures="0">
  <properties>
[...]
</properties>
  <testcase name="testGetTileBackgroundLightMode" classname="es.ull.ColorSchemeTest" time="0.303"/>
  <testcase name="testGetTileBackgroundDarkMode" classname="es.ull.ColorSchemeTest" time="0"/>
</testsuite>